#
# There is insufficient memory for the Java Runtime Environment to continue.
# Native memory allocation (mmap) failed to map 671088640 bytes. Error detail: G1 virtual space
# Possible reasons:
#   The system is out of physical RAM or swap space
#   This process is running with CompressedOops enabled, and the Java Heap may be blocking the growth of the native heap
# Possible solutions:
#   Reduce memory load on the system
#   Increase physical memory or swap space
#   Check if swap backing store is full
#   Decrease Java heap size (-Xmx/-Xms)
#   Decrease number of Java threads
#   Decrease Java thread stack sizes (-Xss)
#   Set larger code cache with -XX:ReservedCodeCacheSize=
#   JVM is running with Zero Based Compressed Oops mode in which the Java heap is
#     placed in the first 32GB address space. The Java Heap base address is the
#     maximum limit for the native heap growth. Please use -XX:HeapBaseMinAddress
#     to set the Java Heap base and to place the Java Heap above 32GB virtual address.
# This output file may be truncated or incomplete.
#
#  Out of Memory Error (os_windows.cpp:3828), pid=15960, tid=11948
#
# JRE version:  (21.0.5+8) (build )
# Java VM: OpenJDK 64-Bit Server VM (21.0.5+8-b631.28, mixed mode, sharing, tiered, compressed oops, compressed class ptrs, g1 gc, windows-amd64)
# No core dump will be written. Minidumps are not enabled by default on client versions of Windows
#

---------------  S U M M A R Y ------------

Command Line: git4idea.http.GitAskPassApp Username for 'https://github.com': 

Host: Intel(R) Core(TM) i5-7500 CPU @ 3.40GHz, 4 cores, 39G,  Windows 10 , 64 bit Build 19041 (10.0.19041.5438)
Time: Sat Mar 29 09:17:53 2025 India Standard Time elapsed time: 0.012560 seconds (0d 0h 0m 0s)

---------------  T H R E A D  ---------------

Current thread (0x00000224c42d37b0):  JavaThread "Unknown thread" [_thread_in_vm, id=11948, stack(0x000000c0c5800000,0x000000c0c5900000) (1024K)]

Stack: [0x000000c0c5800000,0x000000c0c5900000]
Native frames: (J=compiled Java code, j=interpreted, Vv=VM code, C=native code)
V  [jvm.dll+0x6e52b9]
V  [jvm.dll+0x8c3633]
V  [jvm.dll+0x8c5b8e]
V  [jvm.dll+0x8c6273]
V  [jvm.dll+0x288f46]
V  [jvm.dll+0x6e1a35]
V  [jvm.dll+0x6d5e3a]
V  [jvm.dll+0x3634bb]
V  [jvm.dll+0x36b086]
V  [jvm.dll+0x3bd346]
V  [jvm.dll+0x3bd618]
V  [jvm.dll+0x335c2c]
V  [jvm.dll+0x33691b]
V  [jvm.dll+0x88aa89]
V  [jvm.dll+0x3ca518]
V  [jvm.dll+0x873b98]
V  [jvm.dll+0x45eede]
V  [jvm.dll+0x460bc1]
C  [jli.dll+0x52ab]
C  [ucrtbase.dll+0x21bb2]
C  [KERNEL32.DLL+0x17374]
C  [ntdll.dll+0x4cc91]


---------------  P R O C E S S  ---------------

Threads class SMR info:
_java_thread_list=0x00007ff94b60a148, length=0, elements={
}

Java Threads: ( => current thread )
Total: 0

Other Threads:
  0x00000224c43698a0 WorkerThread "GC Thread#0"                     [id=13108, stack(0x000000c0c5900000,0x000000c0c5a00000) (1024K)]
  0x00000224c4375820 ConcurrentGCThread "G1 Main Marker"            [id=11216, stack(0x000000c0c5a00000,0x000000c0c5b00000) (1024K)]
  0x00000224c4376320 WorkerThread "G1 Conc#0"                       [id=13256, stack(0x000000c0c5b00000,0x000000c0c5c00000) (1024K)]

[error occurred during error reporting (printing all threads), id 0xc0000005, EXCEPTION_ACCESS_VIOLATION (0xc0000005) at pc=0x00007ff94acf8ce7]
VM state: not at safepoint (not fully initialized)

VM Mutex/Monitor currently owned by a thread:  ([mutex/lock_event])
[0x00007ff94b67eb30] Heap_lock - owner thread: 0x00000224c42d37b0

Heap address: 0x0000000581800000, size: 10216 MB, Compressed Oops mode: Zero based, Oop shift amount: 3

CDS archive(s) mapped at: [0x0000000000000000-0x0000000000000000-0x0000000000000000), size 0, SharedBaseAddress: 0x0000000800000000, ArchiveRelocationMode: 1.
Narrow klass base: 0x0000000000000000, Narrow klass shift: 0, Narrow klass range: 0x0

GC Precious Log:
 CardTable entry size: 512
 Card Set container configuration: InlinePtr #cards 4 size 8 Array Of Cards #cards 64 size 144 Howl #buckets 8 coarsen threshold 14745 Howl Bitmap #cards 2048 size 272 coarsen threshold 1843 Card regions per heap region 1 cards per card region 16384

Heap:
 garbage-first heap   total 0K, used 0K [0x0000000581800000, 0x0000000800000000)
  region size 8192K, 0 young (0K), 0 survivors (0K)
 Metaspace       used 0K, committed 0K, reserved 0K
  class space    used 0K, committed 0K, reserved 0K

Heap Regions: E=young(eden), S=young(survivor), O=old, HS=humongous(starts), HC=humongous(continues), CS=collection set, F=free, TAMS=top-at-mark-start, PB=parsable bottom

Card table byte_map: [0x00000224d8670000,0x00000224d9a70000] _byte_map_base: 0x00000224d5a64000

Marking Bits: (CMBitMap*) 0x00000224c4369fa0
 Bits: [0x00000224d9a70000, 0x00000224e3a10000)

GC Heap History (0 events):
No events

Dll operation events (1 events):
Event: 0.008 Loaded shared library C:\Program Files\JetBrains\WebStorm 2024.3.1.1\jbr\bin\java.dll

Deoptimization events (0 events):
No events

Classes loaded (0 events):
No events

Classes unloaded (0 events):
No events

Classes redefined (0 events):
No events

Internal exceptions (0 events):
No events

ZGC Phase Switch (0 events):
No events

VM Operations (0 events):
No events

Memory protections (0 events):
No events

Nmethod flushes (0 events):
No events

Events (0 events):
No events


Dynamic libraries:
0x00007ff746550000 - 0x00007ff74655a000 	C:\Program Files\JetBrains\WebStorm 2024.3.1.1\jbr\bin\java.exe
0x00007ff99ac90000 - 0x00007ff99ae88000 	C:\Windows\SYSTEM32\ntdll.dll
0x00007ff99aae0000 - 0x00007ff99aba2000 	C:\Windows\System32\KERNEL32.DLL
0x00007ff9989b0000 - 0x00007ff998caf000 	C:\Windows\System32\KERNELBASE.dll
0x00007ff998840000 - 0x00007ff998940000 	C:\Windows\System32\ucrtbase.dll
0x00007ff94a990000 - 0x00007ff94a9ab000 	C:\Program Files\JetBrains\WebStorm 2024.3.1.1\jbr\bin\VCRUNTIME140.dll
0x00007ff984e70000 - 0x00007ff984e88000 	C:\Program Files\JetBrains\WebStorm 2024.3.1.1\jbr\bin\jli.dll
0x00007ff998cb0000 - 0x00007ff998e4d000 	C:\Windows\System32\USER32.dll
0x00007ff983b60000 - 0x00007ff983dfa000 	C:\Windows\WinSxS\amd64_microsoft.windows.common-controls_6595b64144ccf1df_6.0.19041.4355_none_60b8b9eb71f62e16\COMCTL32.dll
0x00007ff9986b0000 - 0x00007ff9986d2000 	C:\Windows\System32\win32u.dll
0x00007ff99a690000 - 0x00007ff99a6bb000 	C:\Windows\System32\GDI32.dll
0x00007ff99abb0000 - 0x00007ff99ac4e000 	C:\Windows\System32\msvcrt.dll
0x00007ff998590000 - 0x00007ff9986aa000 	C:\Windows\System32\gdi32full.dll
0x00007ff998410000 - 0x00007ff9984ad000 	C:\Windows\System32\msvcp_win.dll
0x00007ff998f60000 - 0x00007ff998f8f000 	C:\Windows\System32\IMM32.DLL
0x00007ff992050000 - 0x00007ff99205c000 	C:\Program Files\JetBrains\WebStorm 2024.3.1.1\jbr\bin\vcruntime140_1.dll
0x00007ff971ef0000 - 0x00007ff971f7d000 	C:\Program Files\JetBrains\WebStorm 2024.3.1.1\jbr\bin\msvcp140.dll
0x00007ff94a9b0000 - 0x00007ff94b771000 	C:\Program Files\JetBrains\WebStorm 2024.3.1.1\jbr\bin\server\jvm.dll
0x00007ff999590000 - 0x00007ff99963f000 	C:\Windows\System32\ADVAPI32.dll
0x00007ff998f90000 - 0x00007ff99902f000 	C:\Windows\System32\sechost.dll
0x00007ff99a760000 - 0x00007ff99a883000 	C:\Windows\System32\RPCRT4.dll
0x00007ff9984b0000 - 0x00007ff9984d7000 	C:\Windows\System32\bcrypt.dll
0x00007ff99a890000 - 0x00007ff99a8fb000 	C:\Windows\System32\WS2_32.dll
0x00007ff997d40000 - 0x00007ff997d8b000 	C:\Windows\SYSTEM32\POWRPROF.dll
0x00007ff982450000 - 0x00007ff982477000 	C:\Windows\SYSTEM32\WINMM.dll
0x00007ff993290000 - 0x00007ff99329a000 	C:\Windows\SYSTEM32\VERSION.dll
0x00007ff997d20000 - 0x00007ff997d32000 	C:\Windows\SYSTEM32\UMPDC.dll
0x00007ff996190000 - 0x00007ff9961a2000 	C:\Windows\SYSTEM32\kernel.appcore.dll
0x00007ff971980000 - 0x00007ff97198a000 	C:\Program Files\JetBrains\WebStorm 2024.3.1.1\jbr\bin\jimage.dll
0x00007ff977b20000 - 0x00007ff977d04000 	C:\Windows\SYSTEM32\DBGHELP.DLL
0x00007ff978210000 - 0x00007ff978244000 	C:\Windows\SYSTEM32\dbgcore.DLL
0x00007ff998380000 - 0x00007ff998402000 	C:\Windows\System32\bcryptPrimitives.dll
0x00007ff94a970000 - 0x00007ff94a990000 	C:\Program Files\JetBrains\WebStorm 2024.3.1.1\jbr\bin\java.dll

dbghelp: loaded successfully - version: 4.0.5 - missing functions: none
symbol engine: initialized successfully - sym options: 0x614 - pdb path: .;C:\Program Files\JetBrains\WebStorm 2024.3.1.1\jbr\bin;C:\Windows\SYSTEM32;C:\Windows\WinSxS\amd64_microsoft.windows.common-controls_6595b64144ccf1df_6.0.19041.4355_none_60b8b9eb71f62e16;C:\Program Files\JetBrains\WebStorm 2024.3.1.1\jbr\bin\server

VM Arguments:
java_command: git4idea.http.GitAskPassApp Username for 'https://github.com': 
java_class_path (initial): C:/Program Files/JetBrains/WebStorm 2024.3.1.1/plugins/vcs-git/lib/git4idea-rt.jar;C:/Program Files/JetBrains/WebStorm 2024.3.1.1/lib/externalProcess-rt.jar
Launcher Type: SUN_STANDARD

[Global flags]
     intx CICompilerCount                          = 3                                         {product} {ergonomic}
     uint ConcGCThreads                            = 1                                         {product} {ergonomic}
     uint G1ConcRefinementThreads                  = 4                                         {product} {ergonomic}
   size_t G1HeapRegionSize                         = 8388608                                   {product} {ergonomic}
    uintx GCDrainStackTargetSize                   = 64                                        {product} {ergonomic}
   size_t InitialHeapSize                          = 671088640                                 {product} {ergonomic}
   size_t MarkStackSize                            = 4194304                                   {product} {ergonomic}
   size_t MaxHeapSize                              = 10712252416                               {product} {ergonomic}
   size_t MinHeapDeltaBytes                        = 8388608                                   {product} {ergonomic}
   size_t MinHeapSize                              = 8388608                                   {product} {ergonomic}
    uintx NonNMethodCodeHeapSize                   = 5832780                                {pd product} {ergonomic}
    uintx NonProfiledCodeHeapSize                  = 122912730                              {pd product} {ergonomic}
    uintx ProfiledCodeHeapSize                     = 122912730                              {pd product} {ergonomic}
    uintx ReservedCodeCacheSize                    = 251658240                              {pd product} {ergonomic}
     bool SegmentedCodeCache                       = true                                      {product} {ergonomic}
   size_t SoftMaxHeapSize                          = 10712252416                            {manageable} {ergonomic}
     bool UseCompressedOops                        = true                           {product lp64_product} {ergonomic}
     bool UseG1GC                                  = true                                      {product} {ergonomic}
     bool UseLargePagesIndividualAllocation        = false                                  {pd product} {ergonomic}

Logging:
Log output configuration:
 #0: stdout all=warning uptime,level,tags foldmultilines=false
 #1: stderr all=off uptime,level,tags foldmultilines=false

Environment Variables:
JAVA_HOME=C:\Program Files\Microsoft\jdk-17.0.14.7-hotspot
PATH=C:/Program Files/Git/mingw64/libexec/git-core;C:/Program Files/Git/mingw64/libexec/git-core;C:\Program Files\Git\mingw64\bin;C:\Program Files\Git\usr\bin;C:\Users\HEET\bin;C:\Program Files\Microsoft\jdk-17.0.14.7-hotspot\bin;C:\Python312\Scripts\;C:\Python312\;C:\Windows\system32;C:\Windows;C:\Windows\System32\Wbem;C:\Windows\System32\WindowsPowerShell\v1.0\;C:\Windows\System32\OpenSSH\;C:\ProgramData\chocolatey\bin;C:\Program Files\Git\cmd;C:\Program Files (x86)\Yarn\bin\;C:\Program Files\Docker\Docker\resources\bin;C:\Program Files\nodejs\;C:\Python312\Scripts\;C:\Python312\;C:\Windows\system32;C:\Windows;C:\Windows\System32\Wbem;C:\Windows\System32\WindowsPowerShell\v1.0\;C:\Windows\System32\OpenSSH\;C:\Program Files\nodejs\;C:\ProgramData\chocolatey\bin;C:\Program Files\Git\cmd;C:\Program Files (x86)\Yarn\bin\;C:\Program Files\Docker\Docker\resources\bin;C:\Users\HEET\AppData\Local\Programs\Python\Python313\Scripts\;C:\Users\HEET\AppData\Local\Programs\Python\Python313\;C:\Users\HEET\AppData\Local\Microsoft\WindowsApps;C:\Users\HEET\AppData\Roaming\npm;C:\Program Files\JetBrains\WebStorm 2024.3.1.1\bin;C:\Users\HEET\AppData\Local\Yarn\bin;C:\Program Files\Microsoft\jdk-17.0.14.7-hotspot\bin;C:\Users\HEET\AppData\Local\Android\Sdk\platform-tools;C:\Users\HEET\AppData\Local\Android\Sdk;C:\Users\HEET\AppData\Local\Android\Sdk\emulator;C:\Users\HEET\AppData\Local\Android\Sdk\build-tools;C:\Users\HEET\AppData\Local\Android\Sdk\platforms;C:\Users\HEET\AppData\Local\Programs\Microsoft VS Code Insiders\bin
USERNAME=HEET
DISPLAY=:0.0
LC_ALL=en_US.UTF-8
TERM=xterm-256color
TMPDIR=C:\Users\HEET\AppData\Local\Temp
OS=Windows_NT
PROCESSOR_IDENTIFIER=Intel64 Family 6 Model 158 Stepping 9, GenuineIntel
TMP=C:\Users\HEET\AppData\Local\Temp
TEMP=C:\Users\HEET\AppData\Local\Temp




Periodic native trim disabled

JNI global refs:
JNI global refs: 0, weak refs: 0

JNI global refs memory usage: 0, weak refs: 0

Process memory usage:
Resident Set Size: 10916K (0% of 41828640K total physical memory with 5259560K free physical memory)

OOME stack traces (most recent first):
Classloader memory used:

---------------  S Y S T E M  ---------------

OS:
 Windows 10 , 64 bit Build 19041 (10.0.19041.5438)
OS uptime: 4 days 0:38 hours
Hyper-V role detected

CPU: total 4 (initial active 4) (4 cores per cpu, 1 threads per core) family 6 model 158 stepping 9 microcode 0xb4, cx8, cmov, fxsr, mmx, 3dnowpref, sse, sse2, sse3, ssse3, sse4.1, sse4.2, popcnt, lzcnt, tsc, tscinvbit, avx, avx2, aes, erms, clmul, bmi1, bmi2, rtm, adx, fma, vzeroupper, clflush, clflushopt, hv, rdtscp, f16c
Processor Information for all 4 processors :
  Max Mhz: 3408, Current Mhz: 3408, Mhz Limit: 3408

Memory: 4k page, system-wide physical 40848M (5136M free)
TotalPageFile size 71292M (AvailPageFile size 68M)
current process WorkingSet (physical memory assigned to process): 10M, peak: 10M
current process commit charge ("private bytes"): 52M, peak: 691M

vm_info: OpenJDK 64-Bit Server VM (21.0.5+8-b631.28) for windows-amd64 JRE (21.0.5+8-b631.28), built on 2024-11-23 by "builduser" with MS VC++ 16.10 / 16.11 (VS2019)

END.
